[22:49:22]数据库类型：SqlServer
[22:49:22]连接字符串：Server=data.dev.52abp.com,1434;Database=FlyDev1;User ID=sa;Password=bb123456??;MultipleActiveResultSets=True;TrustServerCertificate=True;
[22:49:22]HangFire:True
[22:49:22]Redis:True,Host:139.224.224.192:6379
[22:49:22]Minio:True,Host:8.137.77.105:8235
[22:49:23]RabbitMq:True,Host:139.224.224.192:5672
[22:50:01]:数据库类型：SqlServer
[22:50:01]:连接字符串：Server=data.dev.52abp.com,1434;Database=FlyDev1;User ID=sa;Password=bb123456??;MultipleActiveResultSets=True;TrustServerCertificate=True;
[22:50:01]:HangFire:True
[22:50:01]:Redis:True,Host:139.224.224.192:6379
[22:50:01]:Minio:True,Host:8.137.77.105:8235
[22:50:02]:RabbitMq:True,Host:139.224.224.192:5672
[23:12:57]:数据库类型：SqlServer
[23:12:57]:连接字符串：Server=data.dev.52abp.com,1434;Database=FlyDev1;User ID=sa;Password=bb123456??;MultipleActiveResultSets=True;TrustServerCertificate=True;
[23:12:57]:HangFire:True
[23:12:58]:Redis:True,Host:139.224.224.192:6379
[23:12:58]:Minio:True,Host:8.137.77.105:8235
[23:12:59]:RabbitMq:True,Host:139.224.224.192:5672
[23:13:28]:Failed to determine the https port for redirect.
[23:13:28]:An unhandled exception has occurred while executing the request.
System.InvalidOperationException: Unable to resolve service for type 'FlyFramework.Common.Utilities.Dappers.IDapperManager`1[FlyFramework.Core.UserService.User]' while attempting to activate 'FlyFramework.Application.Test.DapperAppService'.
   at Microsoft.Extensions.DependencyInjection.ActivatorUtilities.ThrowHelperUnableToResolveService(Type type, Type requiredBy)
   at lambda_method87(Closure, IServiceProvider, Object[])
   at Microsoft.AspNetCore.Mvc.Controllers.ControllerFactoryProvider.<>c__DisplayClass6_0.<CreateControllerFactory>g__CreateController|0(ControllerContext controllerContext)
   at Microsoft.AspNetCore.Mvc.Infrastructure.ControllerActionInvoker.Next(State& next, Scope& scope, Object& state, Boolean& isCompleted)
   at Microsoft.AspNetCore.Mvc.Infrastructure.ControllerActionInvoker.InvokeInnerFilterAsync()
--- End of stack trace from previous location ---
   at Microsoft.AspNetCore.Mvc.Infrastructure.ResourceInvoker.<InvokeNextResourceFilter>g__Awaited|25_0(ResourceInvoker invoker, Task lastTask, State next, Scope scope, Object state, Boolean isCompleted)
   at Microsoft.AspNetCore.Mvc.Infrastructure.ResourceInvoker.Rethrow(ResourceExecutedContextSealed context)
   at Microsoft.AspNetCore.Mvc.Infrastructure.ResourceInvoker.Next(State& next, Scope& scope, Object& state, Boolean& isCompleted)
   at Microsoft.AspNetCore.Mvc.Infrastructure.ResourceInvoker.InvokeFilterPipelineAsync()
--- End of stack trace from previous location ---
   at Microsoft.AspNetCore.Mvc.Infrastructure.ResourceInvoker.<InvokeAsync>g__Awaited|17_0(ResourceInvoker invoker, Task task, IDisposable scope)
   at Microsoft.AspNetCore.Mvc.Infrastructure.ResourceInvoker.<InvokeAsync>g__Awaited|17_0(ResourceInvoker invoker, Task task, IDisposable scope)
   at Microsoft.AspNetCore.Authorization.AuthorizationMiddleware.Invoke(HttpContext context)
   at IdentityServer4.Hosting.IdentityServerMiddleware.Invoke(HttpContext context, IEndpointRouter router, IUserSession session, IEventService events, IBackChannelLogoutService backChannelLogoutService)
   at IdentityServer4.Hosting.MutualTlsEndpointMiddleware.Invoke(HttpContext context, IAuthenticationSchemeProvider schemes)
   at Microsoft.AspNetCore.Authentication.AuthenticationMiddleware.Invoke(HttpContext context)
   at IdentityServer4.Hosting.BaseUrlMiddleware.Invoke(HttpContext context)
   at Microsoft.AspNetCore.Authentication.AuthenticationMiddleware.Invoke(HttpContext context)
   at Swashbuckle.AspNetCore.SwaggerUI.SwaggerUIMiddleware.Invoke(HttpContext httpContext)
   at Swashbuckle.AspNetCore.Swagger.SwaggerMiddleware.Invoke(HttpContext httpContext, ISwaggerProvider swaggerProvider)
   at Microsoft.AspNetCore.Diagnostics.DeveloperExceptionPageMiddlewareImpl.Invoke(HttpContext context)
[23:13:45]:An unhandled exception has occurred while executing the request.
System.InvalidOperationException: Unable to resolve service for type 'FlyFramework.Common.Utilities.Dappers.IDapperManager`1[FlyFramework.Core.UserService.User]' while attempting to activate 'FlyFramework.Application.Test.DapperAppService'.
   at Microsoft.Extensions.DependencyInjection.ActivatorUtilities.ThrowHelperUnableToResolveService(Type type, Type requiredBy)
   at lambda_method87(Closure, IServiceProvider, Object[])
   at Microsoft.AspNetCore.Mvc.Controllers.ControllerFactoryProvider.<>c__DisplayClass6_0.<CreateControllerFactory>g__CreateController|0(ControllerContext controllerContext)
   at Microsoft.AspNetCore.Mvc.Infrastructure.ControllerActionInvoker.Next(State& next, Scope& scope, Object& state, Boolean& isCompleted)
   at Microsoft.AspNetCore.Mvc.Infrastructure.ControllerActionInvoker.InvokeInnerFilterAsync()
--- End of stack trace from previous location ---
   at Microsoft.AspNetCore.Mvc.Infrastructure.ResourceInvoker.<InvokeNextResourceFilter>g__Awaited|25_0(ResourceInvoker invoker, Task lastTask, State next, Scope scope, Object state, Boolean isCompleted)
   at Microsoft.AspNetCore.Mvc.Infrastructure.ResourceInvoker.Rethrow(ResourceExecutedContextSealed context)
   at Microsoft.AspNetCore.Mvc.Infrastructure.ResourceInvoker.Next(State& next, Scope& scope, Object& state, Boolean& isCompleted)
   at Microsoft.AspNetCore.Mvc.Infrastructure.ResourceInvoker.InvokeFilterPipelineAsync()
--- End of stack trace from previous location ---
   at Microsoft.AspNetCore.Mvc.Infrastructure.ResourceInvoker.<InvokeAsync>g__Awaited|17_0(ResourceInvoker invoker, Task task, IDisposable scope)
   at Microsoft.AspNetCore.Mvc.Infrastructure.ResourceInvoker.<InvokeAsync>g__Awaited|17_0(ResourceInvoker invoker, Task task, IDisposable scope)
   at Microsoft.AspNetCore.Authorization.AuthorizationMiddleware.Invoke(HttpContext context)
   at IdentityServer4.Hosting.IdentityServerMiddleware.Invoke(HttpContext context, IEndpointRouter router, IUserSession session, IEventService events, IBackChannelLogoutService backChannelLogoutService)
   at IdentityServer4.Hosting.MutualTlsEndpointMiddleware.Invoke(HttpContext context, IAuthenticationSchemeProvider schemes)
   at Microsoft.AspNetCore.Authentication.AuthenticationMiddleware.Invoke(HttpContext context)
   at IdentityServer4.Hosting.BaseUrlMiddleware.Invoke(HttpContext context)
   at Microsoft.AspNetCore.Authentication.AuthenticationMiddleware.Invoke(HttpContext context)
   at Swashbuckle.AspNetCore.SwaggerUI.SwaggerUIMiddleware.Invoke(HttpContext httpContext)
   at Swashbuckle.AspNetCore.Swagger.SwaggerMiddleware.Invoke(HttpContext httpContext, ISwaggerProvider swaggerProvider)
   at Microsoft.AspNetCore.Diagnostics.DeveloperExceptionPageMiddlewareImpl.Invoke(HttpContext context)
[23:14:51]:数据库类型：SqlServer
[23:14:51]:连接字符串：Server=data.dev.52abp.com,1434;Database=FlyDev1;User ID=sa;Password=bb123456??;MultipleActiveResultSets=True;TrustServerCertificate=True;
[23:14:51]:HangFire:True
[23:14:52]:Redis:True,Host:139.224.224.192:6379
[23:14:52]:Minio:True,Host:8.137.77.105:8235
[23:15:08]:数据库类型：SqlServer
[23:15:08]:连接字符串：Server=data.dev.52abp.com,1434;Database=FlyDev1;User ID=sa;Password=bb123456??;MultipleActiveResultSets=True;TrustServerCertificate=True;
[23:15:08]:HangFire:True
[23:15:08]:Redis:True,Host:139.224.224.192:6379
[23:15:08]:Minio:True,Host:8.137.77.105:8235
[23:15:09]:RabbitMq:True,Host:139.224.224.192:5672
[23:15:15]:Failed to determine the https port for redirect.
[23:15:15]:An unhandled exception has occurred while executing the request.
System.InvalidOperationException: The connection is already in a transaction and cannot participate in another transaction.
   at Microsoft.EntityFrameworkCore.Storage.RelationalConnection.EnsureNoTransactions()
   at Microsoft.EntityFrameworkCore.Storage.RelationalConnection.BeginAsync(IsolationLevel isolationLevel, CancellationToken cancellationToken)
   at Microsoft.EntityFrameworkCore.Storage.RelationalConnection.BeginAsync(CancellationToken cancellationToken)
   at FlyFramework.Repositories.Uow.UnitOfWorkManager.BeginAsync() in D:\FaceMan\FlyFrameWork\src\aspnet-core\FlyFramework.Repositories\Uow\UnitOfWorkManager.cs:line 20
   at FlyFramework.WebHost.Filters.UnitOfWorkFilter.OnActionExecutionAsync(ActionExecutingContext context, ActionExecutionDelegate next) in D:\FaceMan\FlyFrameWork\src\aspnet-core\FlyFramework.WebHost\Filters\UnitOfWorkFilter.cs:line 58
   at Microsoft.AspNetCore.Mvc.Infrastructure.ControllerActionInvoker.<InvokeNextActionFilterAsync>g__Awaited|10_0(ControllerActionInvoker invoker, Task lastTask, State next, Scope scope, Object state, Boolean isCompleted)
   at Microsoft.AspNetCore.Mvc.Infrastructure.ControllerActionInvoker.Rethrow(ActionExecutedContextSealed context)
   at Microsoft.AspNetCore.Mvc.Infrastructure.ControllerActionInvoker.Next(State& next, Scope& scope, Object& state, Boolean& isCompleted)
   at Microsoft.AspNetCore.Mvc.Infrastructure.ControllerActionInvoker.InvokeInnerFilterAsync()
--- End of stack trace from previous location ---
   at Microsoft.AspNetCore.Mvc.Infrastructure.ResourceInvoker.<InvokeNextResourceFilter>g__Awaited|25_0(ResourceInvoker invoker, Task lastTask, State next, Scope scope, Object state, Boolean isCompleted)
   at Microsoft.AspNetCore.Mvc.Infrastructure.ResourceInvoker.Rethrow(ResourceExecutedContextSealed context)
   at Microsoft.AspNetCore.Mvc.Infrastructure.ResourceInvoker.Next(State& next, Scope& scope, Object& state, Boolean& isCompleted)
   at Microsoft.AspNetCore.Mvc.Infrastructure.ResourceInvoker.InvokeFilterPipelineAsync()
--- End of stack trace from previous location ---
   at Microsoft.AspNetCore.Mvc.Infrastructure.ResourceInvoker.<InvokeAsync>g__Awaited|17_0(ResourceInvoker invoker, Task task, IDisposable scope)
   at Microsoft.AspNetCore.Mvc.Infrastructure.ResourceInvoker.<InvokeAsync>g__Awaited|17_0(ResourceInvoker invoker, Task task, IDisposable scope)
   at Microsoft.AspNetCore.Authorization.AuthorizationMiddleware.Invoke(HttpContext context)
   at IdentityServer4.Hosting.IdentityServerMiddleware.Invoke(HttpContext context, IEndpointRouter router, IUserSession session, IEventService events, IBackChannelLogoutService backChannelLogoutService)
   at IdentityServer4.Hosting.MutualTlsEndpointMiddleware.Invoke(HttpContext context, IAuthenticationSchemeProvider schemes)
   at Microsoft.AspNetCore.Authentication.AuthenticationMiddleware.Invoke(HttpContext context)
   at IdentityServer4.Hosting.BaseUrlMiddleware.Invoke(HttpContext context)
   at Microsoft.AspNetCore.Authentication.AuthenticationMiddleware.Invoke(HttpContext context)
   at Swashbuckle.AspNetCore.SwaggerUI.SwaggerUIMiddleware.Invoke(HttpContext httpContext)
   at Swashbuckle.AspNetCore.Swagger.SwaggerMiddleware.Invoke(HttpContext httpContext, ISwaggerProvider swaggerProvider)
   at Microsoft.AspNetCore.Diagnostics.DeveloperExceptionPageMiddlewareImpl.Invoke(HttpContext context)
[23:15:33]:An unhandled exception has occurred while executing the request.
System.InvalidOperationException: The connection is already in a transaction and cannot participate in another transaction.
   at Microsoft.EntityFrameworkCore.Storage.RelationalConnection.EnsureNoTransactions()
   at Microsoft.EntityFrameworkCore.Storage.RelationalConnection.BeginAsync(IsolationLevel isolationLevel, CancellationToken cancellationToken)
   at Microsoft.EntityFrameworkCore.Storage.RelationalConnection.BeginAsync(CancellationToken cancellationToken)
   at FlyFramework.Repositories.Uow.UnitOfWorkManager.BeginAsync() in D:\FaceMan\FlyFrameWork\src\aspnet-core\FlyFramework.Repositories\Uow\UnitOfWorkManager.cs:line 20
   at FlyFramework.WebHost.Filters.UnitOfWorkFilter.OnActionExecutionAsync(ActionExecutingContext context, ActionExecutionDelegate next) in D:\FaceMan\FlyFrameWork\src\aspnet-core\FlyFramework.WebHost\Filters\UnitOfWorkFilter.cs:line 58
   at Microsoft.AspNetCore.Mvc.Infrastructure.ControllerActionInvoker.<InvokeNextActionFilterAsync>g__Awaited|10_0(ControllerActionInvoker invoker, Task lastTask, State next, Scope scope, Object state, Boolean isCompleted)
   at Microsoft.AspNetCore.Mvc.Infrastructure.ControllerActionInvoker.Rethrow(ActionExecutedContextSealed context)
   at Microsoft.AspNetCore.Mvc.Infrastructure.ControllerActionInvoker.Next(State& next, Scope& scope, Object& state, Boolean& isCompleted)
   at Microsoft.AspNetCore.Mvc.Infrastructure.ControllerActionInvoker.InvokeInnerFilterAsync()
--- End of stack trace from previous location ---
   at Microsoft.AspNetCore.Mvc.Infrastructure.ResourceInvoker.<InvokeNextResourceFilter>g__Awaited|25_0(ResourceInvoker invoker, Task lastTask, State next, Scope scope, Object state, Boolean isCompleted)
   at Microsoft.AspNetCore.Mvc.Infrastructure.ResourceInvoker.Rethrow(ResourceExecutedContextSealed context)
   at Microsoft.AspNetCore.Mvc.Infrastructure.ResourceInvoker.Next(State& next, Scope& scope, Object& state, Boolean& isCompleted)
   at Microsoft.AspNetCore.Mvc.Infrastructure.ResourceInvoker.InvokeFilterPipelineAsync()
--- End of stack trace from previous location ---
   at Microsoft.AspNetCore.Mvc.Infrastructure.ResourceInvoker.<InvokeAsync>g__Awaited|17_0(ResourceInvoker invoker, Task task, IDisposable scope)
   at Microsoft.AspNetCore.Mvc.Infrastructure.ResourceInvoker.<InvokeAsync>g__Awaited|17_0(ResourceInvoker invoker, Task task, IDisposable scope)
   at Microsoft.AspNetCore.Authorization.AuthorizationMiddleware.Invoke(HttpContext context)
   at IdentityServer4.Hosting.IdentityServerMiddleware.Invoke(HttpContext context, IEndpointRouter router, IUserSession session, IEventService events, IBackChannelLogoutService backChannelLogoutService)
   at IdentityServer4.Hosting.MutualTlsEndpointMiddleware.Invoke(HttpContext context, IAuthenticationSchemeProvider schemes)
   at Microsoft.AspNetCore.Authentication.AuthenticationMiddleware.Invoke(HttpContext context)
   at IdentityServer4.Hosting.BaseUrlMiddleware.Invoke(HttpContext context)
   at Microsoft.AspNetCore.Authentication.AuthenticationMiddleware.Invoke(HttpContext context)
   at Swashbuckle.AspNetCore.SwaggerUI.SwaggerUIMiddleware.Invoke(HttpContext httpContext)
   at Swashbuckle.AspNetCore.Swagger.SwaggerMiddleware.Invoke(HttpContext httpContext, ISwaggerProvider swaggerProvider)
   at Microsoft.AspNetCore.Diagnostics.DeveloperExceptionPageMiddlewareImpl.Invoke(HttpContext context)
[23:16:06]:数据库类型：SqlServer
[23:16:06]:连接字符串：Server=data.dev.52abp.com,1434;Database=FlyDev1;User ID=sa;Password=bb123456??;MultipleActiveResultSets=True;TrustServerCertificate=True;
[23:16:06]:HangFire:True
[23:16:07]:Redis:True,Host:139.224.224.192:6379
[23:16:07]:Minio:True,Host:8.137.77.105:8235
[23:16:07]:RabbitMq:True,Host:139.224.224.192:5672
[23:16:15]:Failed to determine the https port for redirect.
[23:16:15]:An unhandled exception has occurred while executing the request.
System.InvalidOperationException: The connection is already in a transaction and cannot participate in another transaction.
   at Microsoft.EntityFrameworkCore.Storage.RelationalConnection.EnsureNoTransactions()
   at Microsoft.EntityFrameworkCore.Storage.RelationalConnection.BeginAsync(IsolationLevel isolationLevel, CancellationToken cancellationToken)
   at Microsoft.EntityFrameworkCore.Storage.RelationalConnection.BeginAsync(CancellationToken cancellationToken)
   at FlyFramework.Repositories.Uow.UnitOfWorkManager.BeginAsync() in D:\FaceMan\FlyFrameWork\src\aspnet-core\FlyFramework.Repositories\Uow\UnitOfWorkManager.cs:line 20
   at FlyFramework.WebHost.Filters.UnitOfWorkFilter.OnActionExecutionAsync(ActionExecutingContext context, ActionExecutionDelegate next) in D:\FaceMan\FlyFrameWork\src\aspnet-core\FlyFramework.WebHost\Filters\UnitOfWorkFilter.cs:line 58
   at Microsoft.AspNetCore.Mvc.Infrastructure.ControllerActionInvoker.<InvokeNextActionFilterAsync>g__Awaited|10_0(ControllerActionInvoker invoker, Task lastTask, State next, Scope scope, Object state, Boolean isCompleted)
   at Microsoft.AspNetCore.Mvc.Infrastructure.ControllerActionInvoker.Rethrow(ActionExecutedContextSealed context)
   at Microsoft.AspNetCore.Mvc.Infrastructure.ControllerActionInvoker.Next(State& next, Scope& scope, Object& state, Boolean& isCompleted)
   at Microsoft.AspNetCore.Mvc.Infrastructure.ControllerActionInvoker.InvokeInnerFilterAsync()
--- End of stack trace from previous location ---
   at Microsoft.AspNetCore.Mvc.Infrastructure.ResourceInvoker.<InvokeNextResourceFilter>g__Awaited|25_0(ResourceInvoker invoker, Task lastTask, State next, Scope scope, Object state, Boolean isCompleted)
   at Microsoft.AspNetCore.Mvc.Infrastructure.ResourceInvoker.Rethrow(ResourceExecutedContextSealed context)
   at Microsoft.AspNetCore.Mvc.Infrastructure.ResourceInvoker.Next(State& next, Scope& scope, Object& state, Boolean& isCompleted)
   at Microsoft.AspNetCore.Mvc.Infrastructure.ResourceInvoker.InvokeFilterPipelineAsync()
--- End of stack trace from previous location ---
   at Microsoft.AspNetCore.Mvc.Infrastructure.ResourceInvoker.<InvokeAsync>g__Awaited|17_0(ResourceInvoker invoker, Task task, IDisposable scope)
   at Microsoft.AspNetCore.Mvc.Infrastructure.ResourceInvoker.<InvokeAsync>g__Awaited|17_0(ResourceInvoker invoker, Task task, IDisposable scope)
   at Microsoft.AspNetCore.Authorization.AuthorizationMiddleware.Invoke(HttpContext context)
   at IdentityServer4.Hosting.IdentityServerMiddleware.Invoke(HttpContext context, IEndpointRouter router, IUserSession session, IEventService events, IBackChannelLogoutService backChannelLogoutService)
   at IdentityServer4.Hosting.MutualTlsEndpointMiddleware.Invoke(HttpContext context, IAuthenticationSchemeProvider schemes)
   at Microsoft.AspNetCore.Authentication.AuthenticationMiddleware.Invoke(HttpContext context)
   at IdentityServer4.Hosting.BaseUrlMiddleware.Invoke(HttpContext context)
   at Microsoft.AspNetCore.Authentication.AuthenticationMiddleware.Invoke(HttpContext context)
   at Swashbuckle.AspNetCore.SwaggerUI.SwaggerUIMiddleware.Invoke(HttpContext httpContext)
   at Swashbuckle.AspNetCore.Swagger.SwaggerMiddleware.Invoke(HttpContext httpContext, ISwaggerProvider swaggerProvider)
   at Microsoft.AspNetCore.Diagnostics.DeveloperExceptionPageMiddlewareImpl.Invoke(HttpContext context)
[23:17:55]:数据库类型：SqlServer
[23:17:55]:连接字符串：Server=data.dev.52abp.com,1434;Database=FlyDev1;User ID=sa;Password=bb123456??;MultipleActiveResultSets=True;TrustServerCertificate=True;
[23:17:55]:HangFire:True
[23:17:55]:Redis:True,Host:139.224.224.192:6379
[23:17:55]:Minio:True,Host:8.137.77.105:8235
[23:17:56]:RabbitMq:True,Host:139.224.224.192:5672
[23:18:05]:Failed to determine the https port for redirect.
[23:18:05]:An unhandled exception has occurred while executing the request.
System.InvalidOperationException: The connection is already in a transaction and cannot participate in another transaction.
   at Microsoft.EntityFrameworkCore.Storage.RelationalConnection.EnsureNoTransactions()
   at Microsoft.EntityFrameworkCore.Storage.RelationalConnection.BeginAsync(IsolationLevel isolationLevel, CancellationToken cancellationToken)
   at Microsoft.EntityFrameworkCore.Storage.RelationalConnection.BeginAsync(CancellationToken cancellationToken)
   at FlyFramework.Repositories.Uow.UnitOfWorkManager.BeginAsync() in D:\FaceMan\FlyFrameWork\src\aspnet-core\FlyFramework.Repositories\Uow\UnitOfWorkManager.cs:line 20
   at FlyFramework.WebHost.Filters.UnitOfWorkFilter.OnActionExecutionAsync(ActionExecutingContext context, ActionExecutionDelegate next) in D:\FaceMan\FlyFrameWork\src\aspnet-core\FlyFramework.WebHost\Filters\UnitOfWorkFilter.cs:line 58
   at Microsoft.AspNetCore.Mvc.Infrastructure.ControllerActionInvoker.<InvokeNextActionFilterAsync>g__Awaited|10_0(ControllerActionInvoker invoker, Task lastTask, State next, Scope scope, Object state, Boolean isCompleted)
   at Microsoft.AspNetCore.Mvc.Infrastructure.ControllerActionInvoker.Rethrow(ActionExecutedContextSealed context)
   at Microsoft.AspNetCore.Mvc.Infrastructure.ControllerActionInvoker.Next(State& next, Scope& scope, Object& state, Boolean& isCompleted)
   at Microsoft.AspNetCore.Mvc.Infrastructure.ControllerActionInvoker.InvokeInnerFilterAsync()
--- End of stack trace from previous location ---
   at Microsoft.AspNetCore.Mvc.Infrastructure.ResourceInvoker.<InvokeNextResourceFilter>g__Awaited|25_0(ResourceInvoker invoker, Task lastTask, State next, Scope scope, Object state, Boolean isCompleted)
   at Microsoft.AspNetCore.Mvc.Infrastructure.ResourceInvoker.Rethrow(ResourceExecutedContextSealed context)
   at Microsoft.AspNetCore.Mvc.Infrastructure.ResourceInvoker.Next(State& next, Scope& scope, Object& state, Boolean& isCompleted)
   at Microsoft.AspNetCore.Mvc.Infrastructure.ResourceInvoker.InvokeFilterPipelineAsync()
--- End of stack trace from previous location ---
   at Microsoft.AspNetCore.Mvc.Infrastructure.ResourceInvoker.<InvokeAsync>g__Awaited|17_0(ResourceInvoker invoker, Task task, IDisposable scope)
   at Microsoft.AspNetCore.Mvc.Infrastructure.ResourceInvoker.<InvokeAsync>g__Awaited|17_0(ResourceInvoker invoker, Task task, IDisposable scope)
   at Microsoft.AspNetCore.Authorization.AuthorizationMiddleware.Invoke(HttpContext context)
   at IdentityServer4.Hosting.IdentityServerMiddleware.Invoke(HttpContext context, IEndpointRouter router, IUserSession session, IEventService events, IBackChannelLogoutService backChannelLogoutService)
   at IdentityServer4.Hosting.MutualTlsEndpointMiddleware.Invoke(HttpContext context, IAuthenticationSchemeProvider schemes)
   at Microsoft.AspNetCore.Authentication.AuthenticationMiddleware.Invoke(HttpContext context)
   at IdentityServer4.Hosting.BaseUrlMiddleware.Invoke(HttpContext context)
   at Microsoft.AspNetCore.Authentication.AuthenticationMiddleware.Invoke(HttpContext context)
   at Swashbuckle.AspNetCore.SwaggerUI.SwaggerUIMiddleware.Invoke(HttpContext httpContext)
   at Swashbuckle.AspNetCore.Swagger.SwaggerMiddleware.Invoke(HttpContext httpContext, ISwaggerProvider swaggerProvider)
   at Microsoft.AspNetCore.Diagnostics.DeveloperExceptionPageMiddlewareImpl.Invoke(HttpContext context)
[23:18:23]:数据库类型：SqlServer
[23:18:23]:连接字符串：Server=data.dev.52abp.com,1434;Database=FlyDev1;User ID=sa;Password=bb123456??;MultipleActiveResultSets=True;TrustServerCertificate=True;
[23:18:23]:HangFire:True
[23:18:23]:Redis:True,Host:139.224.224.192:6379
[23:18:23]:Minio:True,Host:8.137.77.105:8235
[23:18:24]:RabbitMq:True,Host:139.224.224.192:5672
[23:18:40]:Failed to determine the https port for redirect.
[23:18:41]:An unhandled exception has occurred while executing the request.
System.InvalidOperationException: The connection is already in a transaction and cannot participate in another transaction.
   at Microsoft.EntityFrameworkCore.Storage.RelationalConnection.EnsureNoTransactions()
   at Microsoft.EntityFrameworkCore.Storage.RelationalConnection.BeginAsync(IsolationLevel isolationLevel, CancellationToken cancellationToken)
   at Microsoft.EntityFrameworkCore.Storage.RelationalConnection.BeginAsync(CancellationToken cancellationToken)
   at FlyFramework.Repositories.Uow.UnitOfWorkManager.BeginAsync() in D:\FaceMan\FlyFrameWork\src\aspnet-core\FlyFramework.Repositories\Uow\UnitOfWorkManager.cs:line 20
   at FlyFramework.WebHost.Filters.UnitOfWorkFilter.OnActionExecutionAsync(ActionExecutingContext context, ActionExecutionDelegate next) in D:\FaceMan\FlyFrameWork\src\aspnet-core\FlyFramework.WebHost\Filters\UnitOfWorkFilter.cs:line 58
   at Microsoft.AspNetCore.Mvc.Infrastructure.ControllerActionInvoker.<InvokeNextActionFilterAsync>g__Awaited|10_0(ControllerActionInvoker invoker, Task lastTask, State next, Scope scope, Object state, Boolean isCompleted)
   at Microsoft.AspNetCore.Mvc.Infrastructure.ControllerActionInvoker.Rethrow(ActionExecutedContextSealed context)
   at Microsoft.AspNetCore.Mvc.Infrastructure.ControllerActionInvoker.Next(State& next, Scope& scope, Object& state, Boolean& isCompleted)
   at Microsoft.AspNetCore.Mvc.Infrastructure.ControllerActionInvoker.InvokeInnerFilterAsync()
--- End of stack trace from previous location ---
   at Microsoft.AspNetCore.Mvc.Infrastructure.ResourceInvoker.<InvokeNextResourceFilter>g__Awaited|25_0(ResourceInvoker invoker, Task lastTask, State next, Scope scope, Object state, Boolean isCompleted)
   at Microsoft.AspNetCore.Mvc.Infrastructure.ResourceInvoker.Rethrow(ResourceExecutedContextSealed context)
   at Microsoft.AspNetCore.Mvc.Infrastructure.ResourceInvoker.Next(State& next, Scope& scope, Object& state, Boolean& isCompleted)
   at Microsoft.AspNetCore.Mvc.Infrastructure.ResourceInvoker.InvokeFilterPipelineAsync()
--- End of stack trace from previous location ---
   at Microsoft.AspNetCore.Mvc.Infrastructure.ResourceInvoker.<InvokeAsync>g__Awaited|17_0(ResourceInvoker invoker, Task task, IDisposable scope)
   at Microsoft.AspNetCore.Mvc.Infrastructure.ResourceInvoker.<InvokeAsync>g__Awaited|17_0(ResourceInvoker invoker, Task task, IDisposable scope)
   at Microsoft.AspNetCore.Authorization.AuthorizationMiddleware.Invoke(HttpContext context)
   at IdentityServer4.Hosting.IdentityServerMiddleware.Invoke(HttpContext context, IEndpointRouter router, IUserSession session, IEventService events, IBackChannelLogoutService backChannelLogoutService)
   at IdentityServer4.Hosting.MutualTlsEndpointMiddleware.Invoke(HttpContext context, IAuthenticationSchemeProvider schemes)
   at Microsoft.AspNetCore.Authentication.AuthenticationMiddleware.Invoke(HttpContext context)
   at IdentityServer4.Hosting.BaseUrlMiddleware.Invoke(HttpContext context)
   at Microsoft.AspNetCore.Authentication.AuthenticationMiddleware.Invoke(HttpContext context)
   at Swashbuckle.AspNetCore.SwaggerUI.SwaggerUIMiddleware.Invoke(HttpContext httpContext)
   at Swashbuckle.AspNetCore.Swagger.SwaggerMiddleware.Invoke(HttpContext httpContext, ISwaggerProvider swaggerProvider)
   at Microsoft.AspNetCore.Diagnostics.DeveloperExceptionPageMiddlewareImpl.Invoke(HttpContext context)
[23:20:45]:数据库类型：SqlServer
[23:20:45]:连接字符串：Server=data.dev.52abp.com,1434;Database=FlyDev1;User ID=sa;Password=bb123456??;MultipleActiveResultSets=True;TrustServerCertificate=True;
[23:20:45]:HangFire:True
[23:20:45]:Redis:True,Host:139.224.224.192:6379
[23:20:45]:Minio:True,Host:8.137.77.105:8235
[23:20:46]:RabbitMq:True,Host:139.224.224.192:5672
[23:21:04]:Failed to determine the https port for redirect.
[23:21:32]:数据库类型：SqlServer
[23:21:32]:连接字符串：Server=data.dev.52abp.com,1434;Database=FlyDev1;User ID=sa;Password=bb123456??;MultipleActiveResultSets=True;TrustServerCertificate=True;
[23:21:32]:HangFire:True
[23:21:32]:Redis:True,Host:139.224.224.192:6379
[23:21:32]:Minio:True,Host:8.137.77.105:8235
[23:21:33]:RabbitMq:True,Host:139.224.224.192:5672
[23:21:37]:Failed to determine the https port for redirect.
[23:21:57]:The cookie '.AspNetCore.Identity.Application' has set 'SameSite=None' and must also set 'Secure'.
[23:21:58]:The cookie '.AspNetCore.Identity.Application' has set 'SameSite=None' and must also set 'Secure'.
[23:23:06]:数据库类型：SqlServer
[23:23:06]:连接字符串：Server=data.dev.52abp.com,1434;Database=FlyDev1;User ID=sa;Password=bb123456??;MultipleActiveResultSets=True;TrustServerCertificate=True;
[23:23:06]:HangFire:True
[23:23:06]:Redis:True,Host:139.224.224.192:6379
[23:23:06]:Minio:True,Host:8.137.77.105:8235
[23:23:07]:RabbitMq:True,Host:139.224.224.192:5672
[23:23:10]:Now listening on: http://localhost:8083
[23:23:10]:Application started. Press Ctrl+C to shut down.
[23:23:10]:Hosting environment: Development
[23:23:10]:Content root path: D:\FaceMan\FlyFrameWork\src\aspnet-core\FlyFramework.WebHost
[23:24:41]:数据库类型：SqlServer
[23:24:41]:连接字符串：Server=data.dev.52abp.com,1434;Database=FlyDev1;User ID=sa;Password=bb123456??;MultipleActiveResultSets=True;TrustServerCertificate=True;
[23:24:41]:HangFire:True
[23:24:41]:Redis:True,Host:139.224.224.192:6379
[23:24:41]:Minio:True,Host:8.137.77.105:8235
[23:24:42]:RabbitMq:True,Host:139.224.224.192:5672
[23:25:51]:数据库类型：SqlServer
[23:25:51]:连接字符串：Server=data.dev.52abp.com,1434;Database=FlyDev1;User ID=sa;Password=bb123456??;MultipleActiveResultSets=True;TrustServerCertificate=True;
[23:25:51]:HangFire:True
[23:25:51]:Redis:True,Host:139.224.224.192:6379
[23:25:51]:Minio:True,Host:8.137.77.105:8235
[23:25:52]:RabbitMq:True,Host:139.224.224.192:5672
[23:26:25]:数据库类型：SqlServer
[23:26:25]:连接字符串：Server=data.dev.52abp.com,1434;Database=FlyDev1;User ID=sa;Password=bb123456??;MultipleActiveResultSets=True;TrustServerCertificate=True;
[23:26:25]:HangFire:True
[23:26:25]:Redis:True,Host:139.224.224.192:6379
[23:26:25]:Minio:True,Host:8.137.77.105:8235
[23:26:26]:RabbitMq:True,Host:139.224.224.192:5672
[23:26:28]:Now listening on: http://localhost:8083
[23:26:28]:Application started. Press Ctrl+C to shut down.
[23:26:28]:Hosting environment: Development
[23:26:28]:Content root path: D:\FaceMan\FlyFrameWork\src\aspnet-core\FlyFramework.WebHost
[23:28:55]:数据库类型：SqlServer
[23:28:55]:连接字符串：Server=data.dev.52abp.com,1434;Database=FlyDev1;User ID=sa;Password=bb123456??;MultipleActiveResultSets=True;TrustServerCertificate=True;
[23:28:55]:HangFire:True
[23:28:55]:Redis:True,Host:139.224.224.192:6379
[23:28:55]:Minio:True,Host:8.137.77.105:8235
[23:28:56]:RabbitMq:True,Host:139.224.224.192:5672
[23:28:58]:Now listening on: http://localhost:8083
[23:28:58]:Application started. Press Ctrl+C to shut down.
[23:28:58]:Hosting environment: Development
[23:28:58]:Content root path: D:\FaceMan\FlyFrameWork\src\aspnet-core\FlyFramework.WebHost
[23:29:16]:数据库类型：SqlServer
[23:29:16]:连接字符串：Server=data.dev.52abp.com,1434;Database=FlyDev1;User ID=sa;Password=bb123456??;MultipleActiveResultSets=True;TrustServerCertificate=True;
[23:29:16]:HangFire:True
[23:29:16]:Redis:True,Host:139.224.224.192:6379
[23:29:16]:Minio:True,Host:8.137.77.105:8235
[23:29:17]:RabbitMq:True,Host:139.224.224.192:5672
[23:29:19]:Now listening on: http://localhost:8083
[23:29:19]:Application started. Press Ctrl+C to shut down.
[23:29:19]:Hosting environment: Development
[23:29:19]:Content root path: D:\FaceMan\FlyFrameWork\src\aspnet-core\FlyFramework.WebHost
[23:32:36]:数据库类型：SqlServer
[23:32:36]:连接字符串：Server=data.dev.52abp.com,1434;Database=FlyDev1;User ID=sa;Password=bb123456??;MultipleActiveResultSets=True;TrustServerCertificate=True;
[23:32:36]:HangFire:True
[23:32:36]:Redis:True,Host:139.224.224.192:6379
[23:32:36]:Minio:True,Host:8.137.77.105:8235
[23:32:37]:RabbitMq:True,Host:139.224.224.192:5672
[23:32:39]:Now listening on: http://localhost:8083
[23:32:39]:Application started. Press Ctrl+C to shut down.
[23:32:39]:Hosting environment: Development
[23:32:39]:Content root path: D:\FaceMan\FlyFrameWork\src\aspnet-core\FlyFramework.WebHost
[23:33:55]:数据库类型：SqlServer
[23:33:55]:连接字符串：Server=data.dev.52abp.com,1434;Database=FlyDev1;User ID=sa;Password=bb123456??;MultipleActiveResultSets=True;TrustServerCertificate=True;
[23:33:55]:HangFire:True
[23:33:55]:Redis:True,Host:139.224.224.192:6379
[23:33:55]:Minio:True,Host:8.137.77.105:8235
[23:33:56]:RabbitMq:True,Host:139.224.224.192:5672
[23:33:58]:Now listening on: http://localhost:8083
[23:33:58]:Application started. Press Ctrl+C to shut down.
[23:33:58]:Hosting environment: Development
[23:33:58]:Content root path: D:\FaceMan\FlyFrameWork\src\aspnet-core\FlyFramework.WebHost
[23:34:57]:数据库类型：SqlServer
[23:34:57]:连接字符串：Server=data.dev.52abp.com,1434;Database=FlyDev1;User ID=sa;Password=bb123456??;MultipleActiveResultSets=True;TrustServerCertificate=True;
[23:34:57]:HangFire:True
[23:34:57]:Redis:True,Host:139.224.224.192:6379
[23:34:57]:Minio:True,Host:8.137.77.105:8235
[23:34:58]:RabbitMq:True,Host:139.224.224.192:5672
[23:35:00]:Now listening on: http://localhost:8083
[23:35:00]:Application started. Press Ctrl+C to shut down.
[23:35:00]:Hosting environment: Development
[23:35:00]:Content root path: D:\FaceMan\FlyFrameWork\src\aspnet-core\FlyFramework.WebHost
